<?xml version="1.0" encoding="UTF-8"?>
<!-- Generated by org.testng.reporters.JUnitReportReporter -->
<testsuite hostname="Harsha-Punisher" failures="0" tests="2" name="com.hyd.tests.LoginPageTests" time="11.687" errors="0" timestamp="2024-07-27T22:51:24 IST" skipped="0">
  <testcase classname="com.hyd.tests.LoginPageTests" name="verifyLoginPageTitle" time="2.973"/>
  <testcase classname="com.hyd.tests.LoginPageTests" name="verifyLogin" time="8.714"/>
</testsuite> <!-- com.hyd.tests.LoginPageTests -->
