<?xml version="1.0" encoding="UTF-8"?>
<!-- Generated by org.testng.reporters.JUnitReportReporter -->
<testsuite hostname="Harsha-Punisher" failures="0" tests="4" name="com.hyd.tests.HomePageTests" time="31.031" errors="0" timestamp="2024-07-27T22:51:24 IST" skipped="0">
  <testcase classname="com.hyd.tests.HomePageTests" name="verifyHomePageTitle" time="7.027"/>
  <testcase classname="com.hyd.tests.HomePageTests" name="verifyNavigationToFriends" time="7.840"/>
  <testcase classname="com.hyd.tests.HomePageTests" name="verifyNavigationToMemories" time="7.420"/>
  <testcase classname="com.hyd.tests.HomePageTests" name="verifyNavigationToSaved" time="8.744"/>
</testsuite> <!-- com.hyd.tests.HomePageTests -->
