<?xml version="1.0" encoding="UTF-8"?>
<!-- Generated by org.testng.reporters.JUnitReportReporter -->
<testsuite hostname="Harsha-Punisher" failures="0" tests="2" name="com.hyd.tests.LoginPageTests" time="12.558" errors="0" timestamp="2024-08-04T23:23:08 IST" skipped="0">
  <testcase classname="com.hyd.tests.LoginPageTests" name="verifyLoginPageTitle" time="1.839"/>
  <testcase classname="com.hyd.tests.LoginPageTests" name="verifyLogin" time="10.719"/>
</testsuite> <!-- com.hyd.tests.LoginPageTests -->
