<?xml version="1.0" encoding="UTF-8"?>
<!-- Generated by org.testng.reporters.JUnitReportReporter -->
<testsuite hostname="Harsha-Punisher" failures="0" tests="2" name="com.hyd.tests.LoginPageTests" time="9.436" errors="0" timestamp="2024-07-29T13:55:04 IST" skipped="0">
  <testcase classname="com.hyd.tests.LoginPageTests" name="verifyLoginPageTitle" time="2.864"/>
  <testcase classname="com.hyd.tests.LoginPageTests" name="verifyLogin" time="6.572"/>
</testsuite> <!-- com.hyd.tests.LoginPageTests -->
