<?xml version="1.0" encoding="UTF-8"?>
<!-- Generated by org.testng.reporters.JUnitReportReporter -->
<testsuite hostname="Harsha-Punisher" failures="0" tests="1" name="com.hyd.tests.FriendsPageTests" time="7.913" errors="0" timestamp="2024-07-29T13:55:04 IST" skipped="0">
  <testcase classname="com.hyd.tests.FriendsPageTests" name="verifyFriendsPageTitle" time="7.913"/>
</testsuite> <!-- com.hyd.tests.FriendsPageTests -->
