<?xml version="1.0" encoding="UTF-8"?>
<!-- Generated by org.testng.reporters.JUnitReportReporter -->
<testsuite hostname="Harsha-Punisher" failures="0" tests="4" name="com.hyd.tests.HomePageTests" time="32.499" errors="0" timestamp="2024-07-29T13:55:04 IST" skipped="0">
  <testcase classname="com.hyd.tests.HomePageTests" name="verifyHomePageTitle" time="7.340"/>
  <testcase classname="com.hyd.tests.HomePageTests" name="verifyNavigationToFriends" time="8.508"/>
  <testcase classname="com.hyd.tests.HomePageTests" name="verifyNavigationToMemories" time="8.821"/>
  <testcase classname="com.hyd.tests.HomePageTests" name="verifyNavigationToSaved" time="7.830"/>
</testsuite> <!-- com.hyd.tests.HomePageTests -->
